c:\users\bv2\desktop\tryimportpic\tryimportpic\x64\debug\tryimportpic.pch
c:\users\bv2\desktop\tryimportpic\tryimportpic\x64\debug\vc120.pdb
c:\users\bv2\desktop\tryimportpic\tryimportpic\x64\debug\vc120.idb
c:\users\bv2\desktop\tryimportpic\tryimportpic\x64\debug\stdafx.obj
c:\users\bv2\desktop\tryimportpic\tryimportpic\x64\debug\nmfc_pass.obj
c:\users\bv2\desktop\tryimportpic\tryimportpic\x64\debug\nmfc_setting.obj
c:\users\bv2\desktop\tryimportpic\tryimportpic\x64\debug\tryimportpic.obj
c:\users\bv2\desktop\tryimportpic\tryimportpic\x64\debug\tryimportpicdlg.obj
c:\users\bv2\desktop\tryimportpic\x64\debug\tryimportpic.ilk
c:\users\bv2\desktop\tryimportpic\x64\debug\tryimportpic.exe
c:\users\bv2\desktop\tryimportpic\x64\debug\tryimportpic.pdb
c:\users\bv2\desktop\tryimportpic\tryimportpic\x64\debug\tryimportpic.res
c:\users\bv2\desktop\tryimportpic\tryimportpic\x64\debug\tryimportpic.tlog\cl.command.1.tlog
c:\users\bv2\desktop\tryimportpic\tryimportpic\x64\debug\tryimportpic.tlog\cl.read.1.tlog
c:\users\bv2\desktop\tryimportpic\tryimportpic\x64\debug\tryimportpic.tlog\cl.write.1.tlog
c:\users\bv2\desktop\tryimportpic\tryimportpic\x64\debug\tryimportpic.tlog\link.command.1.tlog
c:\users\bv2\desktop\tryimportpic\tryimportpic\x64\debug\tryimportpic.tlog\link.read.1.tlog
c:\users\bv2\desktop\tryimportpic\tryimportpic\x64\debug\tryimportpic.tlog\link.write.1.tlog
c:\users\bv2\desktop\tryimportpic\tryimportpic\x64\debug\tryimportpic.tlog\rc.command.1.tlog
c:\users\bv2\desktop\tryimportpic\tryimportpic\x64\debug\tryimportpic.tlog\rc.read.1.tlog
c:\users\bv2\desktop\tryimportpic\tryimportpic\x64\debug\tryimportpic.tlog\rc.write.1.tlog
